<?xml version="1.0" encoding="UTF-8"?>
<!-- Generated by org.testng.reporters.JUnitXMLReporter -->
<testsuite hostname="MacBook-Pro-cua-LAP00837.local" ignored="0" name="Run on CHROME UI" tests="1" failures="1" timestamp="26 Sep 2020 09:05:16 GMT" time="6.935" errors="0">
  <testcase name="TC_01_Register" time="1.932" classname="tiki.atantis.user.Register">
    <failure type="java.lang.UnsupportedOperationException" message="You may only deselect options of a multi-select">
      <![CDATA[java.lang.UnsupportedOperationException: You may only deselect options of a multi-select
at org.openqa.selenium.support.ui.Select.deselectByVisibleText(Select.java:264)
at commons.AbstractPage.selectItemInDropDown(AbstractPage.java:115)
at pageObject.RegisterPageObject.selectDayDropdown(RegisterPageObject.java:41)
at tiki.atantis.user.Register.TC_01_Register(Register.java:67)
... Removed 25 stack frames]]>
    </failure>
  </testcase> <!-- TC_01_Register -->
</testsuite> <!-- Run on CHROME UI -->
