<?xml version="1.0" encoding="UTF-8"?>
<!-- Generated by org.testng.reporters.JUnitXMLReporter -->
<testsuite hostname="MacBook-Pro-cua-LAP00837.local" ignored="0" name="Run on FIREFOX UI" tests="1" failures="0" timestamp="26 Sep 2020 09:05:04 GMT" time="11.784" errors="0">
  <testcase name="@BeforeClass before" time="11.751" classname="tiki.atantis.user.Register">
    <failure type="java.lang.NoClassDefFoundError" message="org/apache/commons/compress/archivers/ArchiveException">
      <![CDATA[java.lang.NoClassDefFoundError: org/apache/commons/compress/archivers/ArchiveException
at org.rauschig.jarchivelib.ArchiverFactory.createArchiver(ArchiverFactory.java:97)
at io.github.bonigarcia.wdm.online.Downloader.unTarGz(Downloader.java:268)
at io.github.bonigarcia.wdm.online.Downloader.extract(Downloader.java:183)
at io.github.bonigarcia.wdm.online.Downloader.downloadAndExtract(Downloader.java:134)
at io.github.bonigarcia.wdm.online.Downloader.download(Downloader.java:88)
at io.github.bonigarcia.wdm.WebDriverManager.download(WebDriverManager.java:630)
at io.github.bonigarcia.wdm.WebDriverManager.manage(WebDriverManager.java:549)
at io.github.bonigarcia.wdm.WebDriverManager.setup(WebDriverManager.java:285)
at commons.AbstractTest.getBrowserDriver(AbstractTest.java:22)
at tiki.atantis.user.Register.before(Register.java:36)
Caused by: java.lang.ClassNotFoundException: org.apache.commons.compress.archivers.ArchiveException
at java.net.URLClassLoader.findClass(URLClassLoader.java:382)
at java.lang.ClassLoader.loadClass(ClassLoader.java:424)
at sun.misc.Launcher$AppClassLoader.loadClass(Launcher.java:349)
at java.lang.ClassLoader.loadClass(ClassLoader.java:357)
... 36 more
... Removed 26 stack frames]]>
    </failure>
  </testcase> <!-- @BeforeClass before -->
  <testcase name="@AfterClass after" time="0.0" classname="tiki.atantis.user.Register">
    <skipped/>
  </testcase> <!-- @AfterClass after -->
  <testcase name="TC_01_Register" time="0.0" classname="tiki.atantis.user.Register">
    <skipped/>
  </testcase> <!-- TC_01_Register -->
</testsuite> <!-- Run on FIREFOX UI -->
